#
# There is insufficient memory for the Java Runtime Environment to continue.
# Native memory allocation (malloc) failed to allocate 1146016 bytes for Chunk::new
# Possible reasons:
#   The system is out of physical RAM or swap space
#   In 32 bit mode, the process size limit was hit
# Possible solutions:
#   Reduce memory load on the system
#   Increase physical memory or swap space
#   Check if swap backing store is full
#   Use 64 bit Java on a 64 bit OS
#   Decrease Java heap size (-Xmx/-Xms)
#   Decrease number of Java threads
#   Decrease Java thread stack sizes (-Xss)
#   Set larger code cache with -XX:ReservedCodeCacheSize=
# This output file may be truncated or incomplete.
#
#  Out of Memory Error (allocation.cpp:328), pid=19192, tid=7888
#
# JRE version: 7.0_25-b17
# Java VM: Java HotSpot(TM) 64-Bit Server VM (23.25-b01 mixed mode windows-amd64 compressed oops)
# Failed to write core dump. Minidumps are not enabled by default on client versions of Windows
#

---------------  T H R E A D  ---------------

Current thread (0x000000000b470800):  JavaThread "C2 CompilerThread0" daemon [_thread_in_native, id=7888, stack(0x000000000bb20000,0x000000000bc20000)]

Stack: [0x000000000bb20000,0x000000000bc20000]

Current CompileTask:
C2:   3893  395   !         com.android.dx.cf.code.RopperMachine::run (1550 bytes)


---------------  P R O C E S S  ---------------

Java Threads: ( => current thread )
  0x000000000b484800 JavaThread "Service Thread" daemon [_thread_blocked, id=15888, stack(0x000000000bd00000,0x000000000be00000)]
  0x000000000b474000 JavaThread "C2 CompilerThread1" daemon [_thread_in_native, id=14584, stack(0x000000000b890000,0x000000000b990000)]
=>0x000000000b470800 JavaThread "C2 CompilerThread0" daemon [_thread_in_native, id=7888, stack(0x000000000bb20000,0x000000000bc20000)]
  0x000000000b470000 JavaThread "Attach Listener" daemon [_thread_blocked, id=16704, stack(0x000000000b9b0000,0x000000000bab0000)]
  0x000000000b46f000 JavaThread "Signal Dispatcher" daemon [_thread_blocked, id=4068, stack(0x000000000b210000,0x000000000b310000)]
  0x00000000093d5000 JavaThread "Finalizer" daemon [_thread_blocked, id=18264, stack(0x000000000afb0000,0x000000000b0b0000)]
  0x00000000093d3000 JavaThread "Reference Handler" daemon [_thread_blocked, id=6536, stack(0x000000000b320000,0x000000000b420000)]
  0x000000000214d000 JavaThread "main" [_thread_in_Java, id=13192, stack(0x0000000002420000,0x0000000002520000)]

Other Threads:
  0x00000000093c8000 VMThread [stack: 0x000000000b100000,0x000000000b200000] [id=13524]
  0x000000000b48d000 WatcherThread [stack: 0x000000000bee0000,0x000000000bfe0000] [id=7064]

VM state:not at safepoint (normal execution)

VM Mutex/Monitor currently owned by a thread: None

Heap
 PSYoungGen      total 70400K, used 61315K [0x00000000eaab0000, 0x00000000f3430000, 0x0000000100000000)
  eden space 65024K, 86% used [0x00000000eaab0000,0x00000000ee156b78,0x00000000eea30000)
  from space 5376K, 99% used [0x00000000eea30000,0x00000000eef6a308,0x00000000eef70000)
  to   space 5376K, 0% used [0x00000000f2ef0000,0x00000000f2ef0000,0x00000000f3430000)
 ParOldGen       total 86592K, used 15393K [0x00000000c0000000, 0x00000000c5490000, 0x00000000eaab0000)
  object space 86592K, 17% used [0x00000000c0000000,0x00000000c0f08700,0x00000000c5490000)
 PSPermGen       total 21248K, used 6194K [0x00000000bae00000, 0x00000000bc2c0000, 0x00000000c0000000)
  object space 21248K, 29% used [0x00000000bae00000,0x00000000bb40c988,0x00000000bc2c0000)

Card table byte_map: [0x00000000055e0000,0x0000000005810000] byte_map_base: 0x0000000005009000

Polling page: 0x0000000000230000

Code Cache  [0x0000000002520000, 0x0000000002790000, 0x0000000005520000)
 total_blobs=637 nmethods=402 adapters=186 free_code_cache=47420Kb largest_free_block=48526592

Compilation events (10 events):
Event: 3.739 Thread 0x000000000b470800 nmethod 381 0x00000000026c0b50 code [0x00000000026c0f40, 0x00000000026c44c0]
Event: 3.740 Thread 0x000000000b470800  395   !         com.android.dx.cf.code.RopperMachine::run (1550 bytes)
Event: 3.809 Thread 0x000000000b474000 nmethod 394 0x00000000026c8e90 code [0x00000000026c9280, 0x00000000026cc780]
Event: 3.809 Thread 0x000000000b474000  396             com.android.dx.cf.code.ExecutionStack::size (5 bytes)
Event: 3.809 Thread 0x000000000b474000 nmethod 396 0x00000000026ac050 code [0x00000000026ac180, 0x00000000026ac1d8]
Event: 3.809 Thread 0x000000000b474000  397             com.android.dx.dex.code.RopToDop::dopFor (792 bytes)
Event: 3.825 Thread 0x000000000b474000 nmethod 397 0x00000000026bec90 code [0x00000000026bf120, 0x00000000026bfc60]
Event: 3.825 Thread 0x000000000b474000  398             com.android.dx.rop.code.LocalItem::compareTo (32 bytes)
Event: 3.826 Thread 0x000000000b474000 nmethod 398 0x00000000026ab950 code [0x00000000026abaa0, 0x00000000026abd98]
Event: 3.826 Thread 0x000000000b474000  399             com.android.dx.cf.code.ValueAwareMachine::run (1142 bytes)

GC Heap History (6 events):
Event: 1.226 GC heap before
{Heap before GC invocations=1 (full 0):
 PSYoungGen      total 37888K, used 32512K [0x00000000eaab0000, 0x00000000ed4f0000, 0x0000000100000000)
  eden space 32512K, 100% used [0x00000000eaab0000,0x00000000eca70000,0x00000000eca70000)
  from space 5376K, 0% used [0x00000000ecfb0000,0x00000000ecfb0000,0x00000000ed4f0000)
  to   space 5376K, 0% used [0x00000000eca70000,0x00000000eca70000,0x00000000ecfb0000)
 ParOldGen       total 86592K, used 0K [0x00000000c0000000, 0x00000000c5490000, 0x00000000eaab0000)
  object space 86592K, 0% used [0x00000000c0000000,0x00000000c0000000,0x00000000c5490000)
 PSPermGen       total 21248K, used 5984K [0x00000000bae00000, 0x00000000bc2c0000, 0x00000000c0000000)
  object space 21248K, 28% used [0x00000000bae00000,0x00000000bb3d8320,0x00000000bc2c0000)
Event: 1.591 GC heap after
Heap after GC invocations=1 (full 0):
 PSYoungGen      total 37888K, used 5372K [0x00000000eaab0000, 0x00000000ef4b0000, 0x0000000100000000)
  eden space 32512K, 0% used [0x00000000eaab0000,0x00000000eaab0000,0x00000000eca70000)
  from space 5376K, 99% used [0x00000000eca70000,0x00000000ecfaf090,0x00000000ecfb0000)
  to   space 5376K, 0% used [0x00000000eef70000,0x00000000eef70000,0x00000000ef4b0000)
 ParOldGen       total 86592K, used 1444K [0x00000000c0000000, 0x00000000c5490000, 0x00000000eaab0000)
  object space 86592K, 1% used [0x00000000c0000000,0x00000000c01692b8,0x00000000c5490000)
 PSPermGen       total 21248K, used 5984K [0x00000000bae00000, 0x00000000bc2c0000, 0x00000000c0000000)
  object space 21248K, 28% used [0x00000000bae00000,0x00000000bb3d8320,0x00000000bc2c0000)
}
Event: 2.007 GC heap before
{Heap before GC invocations=2 (full 0):
 PSYoungGen      total 37888K, used 37884K [0x00000000eaab0000, 0x00000000ef4b0000, 0x0000000100000000)
  eden space 32512K, 100% used [0x00000000eaab0000,0x00000000eca70000,0x00000000eca70000)
  from space 5376K, 99% used [0x00000000eca70000,0x00000000ecfaf090,0x00000000ecfb0000)
  to   space 5376K, 0% used [0x00000000eef70000,0x00000000eef70000,0x00000000ef4b0000)
 ParOldGen       total 86592K, used 1444K [0x00000000c0000000, 0x00000000c5490000, 0x00000000eaab0000)
  object space 86592K, 1% used [0x00000000c0000000,0x00000000c01692b8,0x00000000c5490000)
 PSPermGen       total 21248K, used 6052K [0x00000000bae00000, 0x00000000bc2c0000, 0x00000000c0000000)
  object space 21248K, 28% used [0x00000000bae00000,0x00000000bb3e92b0,0x00000000bc2c0000)
Event: 2.081 GC heap after
Heap after GC invocations=2 (full 0):
 PSYoungGen      total 70400K, used 5361K [0x00000000eaab0000, 0x00000000ef4b0000, 0x0000000100000000)
  eden space 65024K, 0% used [0x00000000eaab0000,0x00000000eaab0000,0x00000000eea30000)
  from space 5376K, 99% used [0x00000000eef70000,0x00000000ef4ac540,0x00000000ef4b0000)
  to   space 5376K, 0% used [0x00000000eea30000,0x00000000eea30000,0x00000000eef70000)
 ParOldGen       total 86592K, used 5883K [0x00000000c0000000, 0x00000000c5490000, 0x00000000eaab0000)
  object space 86592K, 6% used [0x00000000c0000000,0x00000000c05bef90,0x00000000c5490000)
 PSPermGen       total 21248K, used 6052K [0x00000000bae00000, 0x00000000bc2c0000, 0x00000000c0000000)
  object space 21248K, 28% used [0x00000000bae00000,0x00000000bb3e92b0,0x00000000bc2c0000)
}
Event: 2.934 GC heap before
{Heap before GC invocations=3 (full 0):
 PSYoungGen      total 70400K, used 70385K [0x00000000eaab0000, 0x00000000ef4b0000, 0x0000000100000000)
  eden space 65024K, 100% used [0x00000000eaab0000,0x00000000eea30000,0x00000000eea30000)
  from space 5376K, 99% used [0x00000000eef70000,0x00000000ef4ac540,0x00000000ef4b0000)
  to   space 5376K, 0% used [0x00000000eea30000,0x00000000eea30000,0x00000000eef70000)
 ParOldGen       total 86592K, used 5883K [0x00000000c0000000, 0x00000000c5490000, 0x00000000eaab0000)
  object space 86592K, 6% used [0x00000000c0000000,0x00000000c05bef90,0x00000000c5490000)
 PSPermGen       total 21248K, used 6112K [0x00000000bae00000, 0x00000000bc2c0000, 0x00000000c0000000)
  object space 21248K, 28% used [0x00000000bae00000,0x00000000bb3f81f0,0x00000000bc2c0000)
Event: 2.981 GC heap after
Heap after GC invocations=3 (full 0):
 PSYoungGen      total 70400K, used 5352K [0x00000000eaab0000, 0x00000000f3430000, 0x0000000100000000)
  eden space 65024K, 0% used [0x00000000eaab0000,0x00000000eaab0000,0x00000000eea30000)
  from space 5376K, 99% used [0x00000000eea30000,0x00000000eef6a308,0x00000000eef70000)
  to   space 5376K, 0% used [0x00000000f2ef0000,0x00000000f2ef0000,0x00000000f3430000)
 ParOldGen       total 86592K, used 15393K [0x00000000c0000000, 0x00000000c5490000, 0x00000000eaab0000)
  object space 86592K, 17% used [0x00000000c0000000,0x00000000c0f08700,0x00000000c5490000)
 PSPermGen       total 21248K, used 6112K [0x00000000bae00000, 0x00000000bc2c0000, 0x00000000c0000000)
  object space 21248K, 28% used [0x00000000bae00000,0x00000000bb3f81f0,0x00000000bc2c0000)
}

Deoptimization events (10 events):
Event: 1.110 Thread 0x000000000b5e9800 Uncommon trap -83 fr.pc 0x00000000025af244
Event: 1.833 Thread 0x000000000b5e4000 Uncommon trap -83 fr.pc 0x00000000025ebb30
Event: 2.879 Thread 0x000000000214d000 Uncommon trap -34 fr.pc 0x0000000002639428
Event: 2.879 Thread 0x000000000214d000 Uncommon trap -34 fr.pc 0x0000000002639428
Event: 3.004 Thread 0x000000000b5e9800 Uncommon trap -34 fr.pc 0x0000000002639428
Event: 3.004 Thread 0x000000000b5e9800 Uncommon trap -34 fr.pc 0x0000000002639428
Event: 3.298 Thread 0x000000000b5e9800 Uncommon trap -12 fr.pc 0x00000000025bb50c
Event: 3.298 Thread 0x000000000b5e9800 Uncommon trap -12 fr.pc 0x00000000025c20dc
Event: 3.327 Thread 0x000000000b5e4000 Uncommon trap -58 fr.pc 0x0000000002655b20
Event: 3.327 Thread 0x000000000b5e4000 Uncommon trap -58 fr.pc 0x0000000002655b20

Internal exceptions (10 events):
Event: 0.895 Thread 0x000000000b5e4000 Threw 0x00000000eb2043b0 at C:\jdk7u2_64p\jdk7u25\hotspot\src\share\vm\prims\jvm.cpp:1235
Event: 0.896 Thread 0x000000000b67d000 Threw 0x00000000eb6cb518 at C:\jdk7u2_64p\jdk7u25\hotspot\src\share\vm\prims\jvm.cpp:1235
Event: 1.077 Thread 0x000000000b5e4000 Threw 0x00000000ebfddde8 at C:\jdk7u2_64p\jdk7u25\hotspot\src\share\vm\prims\jvm.cpp:1235
Event: 1.634 Thread 0x000000000214d000 Threw 0x00000000eae03880 at C:\jdk7u2_64p\jdk7u25\hotspot\src\share\vm\prims\jvm.cpp:1235
Event: 2.697 Thread 0x000000000b5e9800 Threw 0x00000000ed002fc0 at C:\jdk7u2_64p\jdk7u25\hotspot\src\share\vm\prims\jvm.cpp:1235
Event: 3.084 Thread 0x000000000214d000 Threw 0x00000000eba05cb0 at C:\jdk7u2_64p\jdk7u25\hotspot\src\share\vm\prims\jvm.cpp:1235
Event: 3.298 Thread 0x000000000b5e9800 Implicit null exception at 0x00000000025ba003 to 0x00000000025bb4e1
Event: 3.298 Thread 0x000000000b5e9800 Implicit null exception at 0x00000000025c172c to 0x00000000025c20bd
Event: 3.638 Thread 0x000000000214d000 Threw 0x00000000ec66a378 at C:\jdk7u2_64p\jdk7u25\hotspot\src\share\vm\prims\jvm.cpp:1235
Event: 3.720 Thread 0x000000000214d000 Threw 0x00000000ee0c3840 at C:\jdk7u2_64p\jdk7u25\hotspot\src\share\vm\prims\jvm.cpp:1235

Events (10 events):
Event: 3.637 loading class 0x000000000b4c3fe0
Event: 3.637 loading class 0x000000000b4c3fe0 done
Event: 3.637 loading class 0x000000000b72c1e0 done
Event: 3.637 loading class 0x000000000b4c4070 done
Event: 3.637 loading class 0x000000000b4e6d50
Event: 3.637 loading class 0x000000000b4e6d50 done
Event: 3.638 loading class 0x000000000b5f0460
Event: 3.638 loading class 0x000000000b5f0460 done
Event: 3.719 loading class 0x000000000b5f0da0
Event: 3.719 loading class 0x000000000b5f0da0 done


Dynamic libraries:
0x000000013f9f0000 - 0x000000013fa23000 	C:\Program Files\Java\jdk1.7.0_25\bin\java.exe
0x0000000076cd0000 - 0x0000000076e78000 	C:\Windows\SYSTEM32\ntdll.dll
0x0000000076ab0000 - 0x0000000076bcf000 	C:\Windows\system32\kernel32.dll
0x000007fefccc0000 - 0x000007fefcd2c000 	C:\Windows\system32\KERNELBASE.dll
0x000007fefe360000 - 0x000007fefe43b000 	C:\Windows\system32\ADVAPI32.dll
0x000007fefdec0000 - 0x000007fefdf5f000 	C:\Windows\system32\msvcrt.dll
0x000007fefe240000 - 0x000007fefe25f000 	C:\Windows\SYSTEM32\sechost.dll
0x000007fefe710000 - 0x000007fefe83d000 	C:\Windows\system32\RPCRT4.dll
0x0000000076bd0000 - 0x0000000076cca000 	C:\Windows\system32\USER32.dll
0x000007fefee80000 - 0x000007fefeee7000 	C:\Windows\system32\GDI32.dll
0x000007fefefd0000 - 0x000007fefefde000 	C:\Windows\system32\LPK.dll
0x000007fefe290000 - 0x000007fefe359000 	C:\Windows\system32\USP10.dll
0x000007fefb5e0000 - 0x000007fefb7d4000 	C:\Windows\WinSxS\amd64_microsoft.windows.common-controls_6595b64144ccf1df_6.0.7601.17514_none_fa396087175ac9ac\COMCTL32.dll
0x000007fefe860000 - 0x000007fefe8d1000 	C:\Windows\system32\SHLWAPI.dll
0x000007fefe260000 - 0x000007fefe28e000 	C:\Windows\system32\IMM32.DLL
0x000007fefed70000 - 0x000007fefee79000 	C:\Windows\system32\MSCTF.dll
0x000007fefc9c0000 - 0x000007fefc9f1000 	C:\Windows\system32\nvinitx.dll
0x000007fefc9b0000 - 0x000007fefc9bc000 	C:\Windows\system32\VERSION.dll
0x000000000f000000 - 0x000000000f006000 	C:\Program Files\NVIDIA Corporation\CoProcManager\detoured.dll
0x000007fef9430000 - 0x000007fef9462000 	C:\Program Files\NVIDIA Corporation\CoProcManager\nvd3d9wrapx.dll
0x000007fefdf60000 - 0x000007fefe137000 	C:\Windows\system32\SETUPAPI.dll
0x000007fefcc30000 - 0x000007fefcc66000 	C:\Windows\system32\CFGMGR32.dll
0x000007fefeef0000 - 0x000007fefefc7000 	C:\Windows\system32\OLEAUT32.dll
0x000007fefeb60000 - 0x000007fefed63000 	C:\Windows\system32\ole32.dll
0x000007fefce30000 - 0x000007fefce4a000 	C:\Windows\system32\DEVOBJ.dll
0x000007fef9400000 - 0x000007fef9422000 	C:\Program Files\NVIDIA Corporation\CoProcManager\nvdxgiwrapx.dll
0x00000000577c0000 - 0x0000000057891000 	C:\Program Files\Java\jdk1.7.0_25\jre\bin\msvcr100.dll
0x00000000772a0000 - 0x00000000779af000 	C:\Program Files\Java\jdk1.7.0_25\jre\bin\server\jvm.dll
0x000007fef72e0000 - 0x000007fef72e9000 	C:\Windows\system32\WSOCK32.dll
0x000007fefe8e0000 - 0x000007fefe92d000 	C:\Windows\system32\WS2_32.dll
0x000007fefd120000 - 0x000007fefd128000 	C:\Windows\system32\NSI.dll
0x000007fefa620000 - 0x000007fefa65b000 	C:\Windows\system32\WINMM.dll
0x0000000076ea0000 - 0x0000000076ea7000 	C:\Windows\system32\PSAPI.DLL
0x00000000669c0000 - 0x00000000669cf000 	C:\Program Files\Java\jdk1.7.0_25\jre\bin\verify.dll
0x0000000059920000 - 0x0000000059948000 	C:\Program Files\Java\jdk1.7.0_25\jre\bin\java.dll
0x000000005c2c0000 - 0x000000005c2d5000 	C:\Program Files\Java\jdk1.7.0_25\jre\bin\zip.dll
0x0000000066420000 - 0x0000000066439000 	C:\Program Files\Java\jdk1.7.0_25\jre\bin\net.dll
0x000007fefc220000 - 0x000007fefc275000 	C:\Windows\system32\mswsock.dll
0x000007fefc210000 - 0x000007fefc217000 	C:\Windows\System32\wship6.dll
0x000000005b390000 - 0x000000005b3a1000 	C:\Program Files\Java\jdk1.7.0_25\jre\bin\nio.dll

VM Arguments:
jvm_args: -Xmx1024M -Dfile.encoding=windows-1252 -Duser.country=US -Duser.language=en -Duser.variant 
java_command: com.android.dx.command.Main --dex --num-threads=4 --output D:\Android\AndroidStudioProjects\IMDBproject\app\build\intermediates\pre-dexed\debug\jackson-core-2.4.4-2da5b2022b317e9712649bfe4b51f3c6c81c1b03.jar C:\Users\Keon\.gradle\caches\modules-2\files-2.1\com.fasterxml.jackson.core\jackson-core\2.4.4\c5cd3347c0a86d0dcfbf3da593d8431d5a789d54\jackson-core-2.4.4.jar
Launcher Type: SUN_STANDARD

Environment Variables:
JAVA_HOME=C:\Program Files\Java\jdk1.8.0_60
PATH=C:\Program Files (x86)\Google\Chrome\Application;C:\ProgramData\Oracle\Java\javapath;C:\Program Files (x86)\Caminova\Document Express DjVu Plug-in\;C:\Program Files\Common Files\Microsoft Shared\Windows Live;C:\Program Files (x86)\Common Files\Microsoft Shared\Windows Live;C:\Program Files (x86)\Intel\iCLS Client\;C:\Program Files\Intel\iCLS Client\;C:\Windows\system32;C:\Windows;C:\Windows\System32\Wbem;C:\Windows\System32\WindowsPowerShell\v1.0\;C:\Program Files\Intel\WiFi\bin\;C:\Program Files\Common Files\Intel\WirelessCommon\;C:\Program Files (x86)\Windows Live\Shared;C:\Program Files (x86)\Intel\OpenCL SDK\3.0\bin\x86;E:\Matlab\runtime\win64;E:\Matlab\bin;C:\mingw64\bin;D:\CodeBlocks\MinGW\bin;C:\Program Files\Microsoft SQL Server\110\Tools\Binn\;C:\Program Files (x86)\Microsoft SDKs\TypeScript\1.0\;C:\Program Files\Microsoft SQL Server\120\Tools\Binn\;C:\Program Files (x86)\Visual Leak Detector\bin\Win32;C:\Program Files (x86)\Visual Leak Detector\bin\Win64;C:\Program Files (x86)\NVIDIA Corporation\PhysX\Common;C:\Program Files (x86)\Common Files\HP\Digital Imaging\bin;C:\Program Files (x86)\HP\Digital Imaging\bin\;C:\Program Files (x86)\HP\Digital Imaging\bin\Qt\Qt 4.3.3;D:\ModelSim\modelsim_ase\win32aloem
USERNAME=Keon
OS=Windows_NT
PROCESSOR_IDENTIFIER=Intel64 Family 6 Model 60 Stepping 3, GenuineIntel



---------------  S Y S T E M  ---------------

OS: Windows 7 , 64 bit Build 7601 Service Pack 1

CPU:total 8 (4 cores per cpu, 2 threads per core) family 6 model 60 stepping 3, cmov, cx8, fxsr, mmx, sse, sse2, sse3, ssse3, sse4.1, sse4.2, popcnt, avx, avx2, ht, tsc, tscinvbit

Memory: 4k page, physical 8306880k(936244k free), swap 11450756k(4840k free)

vm_info: Java HotSpot(TM) 64-Bit Server VM (23.25-b01) for windows-amd64 JRE (1.7.0_25-b17), built on Jun 21 2013 12:58:32 by "java_re" with unknown MS VC++:1600

time: Sun Nov 01 00:52:47 2015
elapsed time: 5 seconds

